../../github.com/gorilla/websocket/client.go:8:2: cannot find package "bufio" in any of:
	/usr/lib/go-1.6/src/pkg/bufio (from $GOROOT)
	/home/hunterhug/pikapika/src/bufio (from $GOPATH)
../../github.com/astaxie/beego/logs/file.go:18:2: cannot find package "bytes" in any of:
	/usr/lib/go-1.6/src/pkg/bytes (from $GOROOT)
	/home/hunterhug/pikapika/src/bytes (from $GOPATH)
../../github.com/gorilla/websocket/util.go:8:2: cannot find package "crypto/rand" in any of:
	/usr/lib/go-1.6/src/pkg/crypto/rand (from $GOROOT)
	/home/hunterhug/pikapika/src/crypto/rand (from $GOPATH)
../../github.com/gorilla/websocket/util.go:9:2: cannot find package "crypto/sha1" in any of:
	/usr/lib/go-1.6/src/pkg/crypto/sha1 (from $GOROOT)
	/home/hunterhug/pikapika/src/crypto/sha1 (from $GOPATH)
../../github.com/astaxie/beego/logs/smtp.go:18:2: cannot find package "crypto/tls" in any of:
	/usr/lib/go-1.6/src/pkg/crypto/tls (from $GOROOT)
	/home/hunterhug/pikapika/src/crypto/tls (from $GOPATH)
../../github.com/astaxie/beego/orm/db.go:18:2: cannot find package "database/sql" in any of:
	/usr/lib/go-1.6/src/pkg/database/sql (from $GOROOT)
	/home/hunterhug/pikapika/src/database/sql (from $GOPATH)
../../github.com/go-sql-driver/mysql/connection.go:12:2: cannot find package "database/sql/driver" in any of:
	/usr/lib/go-1.6/src/pkg/database/sql/driver (from $GOROOT)
	/home/hunterhug/pikapika/src/database/sql/driver (from $GOPATH)
../../github.com/gorilla/websocket/client.go:11:2: cannot find package "encoding/base64" in any of:
	/usr/lib/go-1.6/src/pkg/encoding/base64 (from $GOROOT)
	/home/hunterhug/pikapika/src/encoding/base64 (from $GOPATH)
../../github.com/gorilla/websocket/conn.go:9:2: cannot find package "encoding/binary" in any of:
	/usr/lib/go-1.6/src/pkg/encoding/binary (from $GOROOT)
	/home/hunterhug/pikapika/src/encoding/binary (from $GOPATH)
../../github.com/astaxie/beego/logs/conn.go:18:2: cannot find package "encoding/json" in any of:
	/usr/lib/go-1.6/src/pkg/encoding/json (from $GOROOT)
	/home/hunterhug/pikapika/src/encoding/json (from $GOPATH)
../../github.com/astaxie/beego/logs/file.go:20:2: cannot find package "errors" in any of:
	/usr/lib/go-1.6/src/pkg/errors (from $GOROOT)
	/home/hunterhug/pikapika/src/errors (from $GOPATH)
../../github.com/astaxie/beego/orm/cmd.go:18:2: cannot find package "flag" in any of:
	/usr/lib/go-1.6/src/pkg/flag (from $GOROOT)
	/home/hunterhug/pikapika/src/flag (from $GOPATH)
../log/log.go:5:2: cannot find package "fmt" in any of:
	/usr/lib/go-1.6/src/pkg/fmt (from $GOROOT)
	/home/hunterhug/pikapika/src/fmt (from $GOPATH)
webserver.go:16:2: cannot find package "html/template" in any of:
	/usr/lib/go-1.6/src/pkg/html/template (from $GOROOT)
	/home/hunterhug/pikapika/src/html/template (from $GOPATH)
../../github.com/astaxie/beego/logs/conn.go:19:2: cannot find package "io" in any of:
	/usr/lib/go-1.6/src/pkg/io (from $GOROOT)
	/home/hunterhug/pikapika/src/io (from $GOPATH)
../../github.com/gorilla/websocket/client.go:14:2: cannot find package "io/ioutil" in any of:
	/usr/lib/go-1.6/src/pkg/io/ioutil (from $GOROOT)
	/home/hunterhug/pikapika/src/io/ioutil (from $GOPATH)
../../github.com/astaxie/beego/orm/orm_log.go:21:2: cannot find package "log" in any of:
	/usr/lib/go-1.6/src/pkg/log (from $GOROOT)
	/home/hunterhug/pikapika/src/log (from $GOPATH)
../../github.com/go-sql-driver/mysql/packets.go:19:2: cannot find package "math" in any of:
	/usr/lib/go-1.6/src/pkg/math (from $GOROOT)
	/home/hunterhug/pikapika/src/math (from $GOPATH)
../../github.com/gorilla/websocket/conn.go:13:2: cannot find package "math/rand" in any of:
	/usr/lib/go-1.6/src/pkg/math/rand (from $GOROOT)
	/home/hunterhug/pikapika/src/math/rand (from $GOPATH)
../../github.com/astaxie/beego/logs/conn.go:20:2: cannot find package "net" in any of:
	/usr/lib/go-1.6/src/pkg/net (from $GOROOT)
	/home/hunterhug/pikapika/src/net (from $GOPATH)
../../github.com/gorilla/websocket/client.go:16:2: cannot find package "net/http" in any of:
	/usr/lib/go-1.6/src/pkg/net/http (from $GOROOT)
	/home/hunterhug/pikapika/src/net/http (from $GOPATH)
../cons/cons.go:8:2: cannot find package "net/http/cookiejar" in any of:
	/usr/lib/go-1.6/src/pkg/net/http/cookiejar (from $GOROOT)
	/home/hunterhug/pikapika/src/net/http/cookiejar (from $GOPATH)
../../github.com/astaxie/beego/logs/smtp.go:22:2: cannot find package "net/smtp" in any of:
	/usr/lib/go-1.6/src/pkg/net/smtp (from $GOROOT)
	/home/hunterhug/pikapika/src/net/smtp (from $GOPATH)
../../github.com/gorilla/websocket/client.go:17:2: cannot find package "net/url" in any of:
	/usr/lib/go-1.6/src/pkg/net/url (from $GOROOT)
	/home/hunterhug/pikapika/src/net/url (from $GOPATH)
../../github.com/astaxie/beego/logs/console.go:19:2: cannot find package "os" in any of:
	/usr/lib/go-1.6/src/pkg/os (from $GOROOT)
	/home/hunterhug/pikapika/src/os (from $GOPATH)
webserver.go:19:2: cannot find package "os/signal" in any of:
	/usr/lib/go-1.6/src/pkg/os/signal (from $GOROOT)
	/home/hunterhug/pikapika/src/os/signal (from $GOPATH)
../../github.com/astaxie/beego/logs/log.go:39:2: cannot find package "path" in any of:
	/usr/lib/go-1.6/src/pkg/path (from $GOROOT)
	/home/hunterhug/pikapika/src/path (from $GOPATH)
../../github.com/astaxie/beego/logs/file.go:24:2: cannot find package "path/filepath" in any of:
	/usr/lib/go-1.6/src/pkg/path/filepath (from $GOROOT)
	/home/hunterhug/pikapika/src/path/filepath (from $GOPATH)
../../github.com/astaxie/beego/orm/db.go:21:2: cannot find package "reflect" in any of:
	/usr/lib/go-1.6/src/pkg/reflect (from $GOROOT)
	/home/hunterhug/pikapika/src/reflect (from $GOPATH)
../../github.com/andybalholm/cascadia/parser.go:7:2: cannot find package "regexp" in any of:
	/usr/lib/go-1.6/src/pkg/regexp (from $GOROOT)
	/home/hunterhug/pikapika/src/regexp (from $GOPATH)
../../github.com/astaxie/beego/logs/console.go:20:2: cannot find package "runtime" in any of:
	/usr/lib/go-1.6/src/pkg/runtime (from $GOROOT)
	/home/hunterhug/pikapika/src/runtime (from $GOPATH)
../../github.com/astaxie/beego/logs/log.go:41:2: cannot find package "strconv" in any of:
	/usr/lib/go-1.6/src/pkg/strconv (from $GOROOT)
	/home/hunterhug/pikapika/src/strconv (from $GOPATH)
../../github.com/astaxie/beego/logs/file.go:25:2: cannot find package "strings" in any of:
	/usr/lib/go-1.6/src/pkg/strings (from $GOROOT)
	/home/hunterhug/pikapika/src/strings (from $GOPATH)
../../github.com/astaxie/beego/logs/file.go:26:2: cannot find package "sync" in any of:
	/usr/lib/go-1.6/src/pkg/sync (from $GOROOT)
	/home/hunterhug/pikapika/src/sync (from $GOPATH)
../../github.com/astaxie/beego/logs/conn.go:21:2: cannot find package "time" in any of:
	/usr/lib/go-1.6/src/pkg/time (from $GOROOT)
	/home/hunterhug/pikapika/src/time (from $GOPATH)
../../github.com/gorilla/websocket/conn.go:17:2: cannot find package "unicode/utf8" in any of:
	/usr/lib/go-1.6/src/pkg/unicode/utf8 (from $GOROOT)
	/home/hunterhug/pikapika/src/unicode/utf8 (from $GOPATH)
../../github.com/gorilla/websocket/client.go:8:2: cannot find package "bufio" in any of:
	/usr/lib/go-1.6/src/pkg/bufio (from $GOROOT)
	/home/hunterhug/pikapika/src/bufio (from $GOPATH)
../../github.com/astaxie/beego/logs/file.go:18:2: cannot find package "bytes" in any of:
	/usr/lib/go-1.6/src/pkg/bytes (from $GOROOT)
	/home/hunterhug/pikapika/src/bytes (from $GOPATH)
../../github.com/gorilla/websocket/util.go:8:2: cannot find package "crypto/rand" in any of:
	/usr/lib/go-1.6/src/pkg/crypto/rand (from $GOROOT)
	/home/hunterhug/pikapika/src/crypto/rand (from $GOPATH)
../../github.com/gorilla/websocket/util.go:9:2: cannot find package "crypto/sha1" in any of:
	/usr/lib/go-1.6/src/pkg/crypto/sha1 (from $GOROOT)
	/home/hunterhug/pikapika/src/crypto/sha1 (from $GOPATH)
../../github.com/astaxie/beego/logs/smtp.go:18:2: cannot find package "crypto/tls" in any of:
	/usr/lib/go-1.6/src/pkg/crypto/tls (from $GOROOT)
	/home/hunterhug/pikapika/src/crypto/tls (from $GOPATH)
../../github.com/astaxie/beego/orm/db.go:18:2: cannot find package "database/sql" in any of:
	/usr/lib/go-1.6/src/pkg/database/sql (from $GOROOT)
	/home/hunterhug/pikapika/src/database/sql (from $GOPATH)
../../github.com/go-sql-driver/mysql/connection.go:12:2: cannot find package "database/sql/driver" in any of:
	/usr/lib/go-1.6/src/pkg/database/sql/driver (from $GOROOT)
	/home/hunterhug/pikapika/src/database/sql/driver (from $GOPATH)
../../github.com/gorilla/websocket/client.go:11:2: cannot find package "encoding/base64" in any of:
	/usr/lib/go-1.6/src/pkg/encoding/base64 (from $GOROOT)
	/home/hunterhug/pikapika/src/encoding/base64 (from $GOPATH)
../../github.com/gorilla/websocket/conn.go:9:2: cannot find package "encoding/binary" in any of:
	/usr/lib/go-1.6/src/pkg/encoding/binary (from $GOROOT)
	/home/hunterhug/pikapika/src/encoding/binary (from $GOPATH)
../../github.com/astaxie/beego/logs/conn.go:18:2: cannot find package "encoding/json" in any of:
	/usr/lib/go-1.6/src/pkg/encoding/json (from $GOROOT)
	/home/hunterhug/pikapika/src/encoding/json (from $GOPATH)
../../github.com/astaxie/beego/logs/file.go:20:2: cannot find package "errors" in any of:
	/usr/lib/go-1.6/src/pkg/errors (from $GOROOT)
	/home/hunterhug/pikapika/src/errors (from $GOPATH)
../../github.com/astaxie/beego/orm/cmd.go:18:2: cannot find package "flag" in any of:
	/usr/lib/go-1.6/src/pkg/flag (from $GOROOT)
	/home/hunterhug/pikapika/src/flag (from $GOPATH)
../log/log.go:5:2: cannot find package "fmt" in any of:
	/usr/lib/go-1.6/src/pkg/fmt (from $GOROOT)
	/home/hunterhug/pikapika/src/fmt (from $GOPATH)
webserver.go:16:2: cannot find package "html/template" in any of:
	/usr/lib/go-1.6/src/pkg/html/template (from $GOROOT)
	/home/hunterhug/pikapika/src/html/template (from $GOPATH)
../../github.com/astaxie/beego/logs/conn.go:19:2: cannot find package "io" in any of:
	/usr/lib/go-1.6/src/pkg/io (from $GOROOT)
	/home/hunterhug/pikapika/src/io (from $GOPATH)
../../github.com/gorilla/websocket/client.go:14:2: cannot find package "io/ioutil" in any of:
	/usr/lib/go-1.6/src/pkg/io/ioutil (from $GOROOT)
	/home/hunterhug/pikapika/src/io/ioutil (from $GOPATH)
../../github.com/astaxie/beego/orm/orm_log.go:21:2: cannot find package "log" in any of:
	/usr/lib/go-1.6/src/pkg/log (from $GOROOT)
	/home/hunterhug/pikapika/src/log (from $GOPATH)
../../github.com/go-sql-driver/mysql/packets.go:19:2: cannot find package "math" in any of:
	/usr/lib/go-1.6/src/pkg/math (from $GOROOT)
	/home/hunterhug/pikapika/src/math (from $GOPATH)
../../github.com/gorilla/websocket/conn.go:13:2: cannot find package "math/rand" in any of:
	/usr/lib/go-1.6/src/pkg/math/rand (from $GOROOT)
	/home/hunterhug/pikapika/src/math/rand (from $GOPATH)
../../github.com/astaxie/beego/logs/conn.go:20:2: cannot find package "net" in any of:
	/usr/lib/go-1.6/src/pkg/net (from $GOROOT)
	/home/hunterhug/pikapika/src/net (from $GOPATH)
../../github.com/gorilla/websocket/client.go:16:2: cannot find package "net/http" in any of:
	/usr/lib/go-1.6/src/pkg/net/http (from $GOROOT)
	/home/hunterhug/pikapika/src/net/http (from $GOPATH)
../cons/cons.go:8:2: cannot find package "net/http/cookiejar" in any of:
	/usr/lib/go-1.6/src/pkg/net/http/cookiejar (from $GOROOT)
	/home/hunterhug/pikapika/src/net/http/cookiejar (from $GOPATH)
../../github.com/astaxie/beego/logs/smtp.go:22:2: cannot find package "net/smtp" in any of:
	/usr/lib/go-1.6/src/pkg/net/smtp (from $GOROOT)
	/home/hunterhug/pikapika/src/net/smtp (from $GOPATH)
../../github.com/gorilla/websocket/client.go:17:2: cannot find package "net/url" in any of:
	/usr/lib/go-1.6/src/pkg/net/url (from $GOROOT)
	/home/hunterhug/pikapika/src/net/url (from $GOPATH)
../../github.com/astaxie/beego/logs/console.go:19:2: cannot find package "os" in any of:
	/usr/lib/go-1.6/src/pkg/os (from $GOROOT)
	/home/hunterhug/pikapika/src/os (from $GOPATH)
webserver.go:19:2: cannot find package "os/signal" in any of:
	/usr/lib/go-1.6/src/pkg/os/signal (from $GOROOT)
	/home/hunterhug/pikapika/src/os/signal (from $GOPATH)
../../github.com/astaxie/beego/logs/log.go:39:2: cannot find package "path" in any of:
	/usr/lib/go-1.6/src/pkg/path (from $GOROOT)
	/home/hunterhug/pikapika/src/path (from $GOPATH)
../../github.com/astaxie/beego/logs/file.go:24:2: cannot find package "path/filepath" in any of:
	/usr/lib/go-1.6/src/pkg/path/filepath (from $GOROOT)
	/home/hunterhug/pikapika/src/path/filepath (from $GOPATH)
../../github.com/astaxie/beego/orm/db.go:21:2: cannot find package "reflect" in any of:
	/usr/lib/go-1.6/src/pkg/reflect (from $GOROOT)
	/home/hunterhug/pikapika/src/reflect (from $GOPATH)
../../github.com/andybalholm/cascadia/parser.go:7:2: cannot find package "regexp" in any of:
	/usr/lib/go-1.6/src/pkg/regexp (from $GOROOT)
	/home/hunterhug/pikapika/src/regexp (from $GOPATH)
../../github.com/astaxie/beego/logs/console.go:20:2: cannot find package "runtime" in any of:
	/usr/lib/go-1.6/src/pkg/runtime (from $GOROOT)
	/home/hunterhug/pikapika/src/runtime (from $GOPATH)
../../github.com/astaxie/beego/logs/log.go:41:2: cannot find package "strconv" in any of:
	/usr/lib/go-1.6/src/pkg/strconv (from $GOROOT)
	/home/hunterhug/pikapika/src/strconv (from $GOPATH)
../../github.com/astaxie/beego/logs/file.go:25:2: cannot find package "strings" in any of:
	/usr/lib/go-1.6/src/pkg/strings (from $GOROOT)
	/home/hunterhug/pikapika/src/strings (from $GOPATH)
../../github.com/astaxie/beego/logs/file.go:26:2: cannot find package "sync" in any of:
	/usr/lib/go-1.6/src/pkg/sync (from $GOROOT)
	/home/hunterhug/pikapika/src/sync (from $GOPATH)
../../github.com/astaxie/beego/logs/conn.go:21:2: cannot find package "time" in any of:
	/usr/lib/go-1.6/src/pkg/time (from $GOROOT)
	/home/hunterhug/pikapika/src/time (from $GOPATH)
../../github.com/gorilla/websocket/conn.go:17:2: cannot find package "unicode/utf8" in any of:
	/usr/lib/go-1.6/src/pkg/unicode/utf8 (from $GOROOT)
	/home/hunterhug/pikapika/src/unicode/utf8 (from $GOPATH)
../../github.com/gorilla/websocket/client.go:8:2: cannot find package "bufio" in any of:
	/usr/lib/go-1.6/src/pkg/bufio (from $GOROOT)
	/home/hunterhug/pikapika/src/bufio (from $GOPATH)
../../github.com/astaxie/beego/logs/file.go:18:2: cannot find package "bytes" in any of:
	/usr/lib/go-1.6/src/pkg/bytes (from $GOROOT)
	/home/hunterhug/pikapika/src/bytes (from $GOPATH)
../../github.com/gorilla/websocket/util.go:8:2: cannot find package "crypto/rand" in any of:
	/usr/lib/go-1.6/src/pkg/crypto/rand (from $GOROOT)
	/home/hunterhug/pikapika/src/crypto/rand (from $GOPATH)
../../github.com/gorilla/websocket/util.go:9:2: cannot find package "crypto/sha1" in any of:
	/usr/lib/go-1.6/src/pkg/crypto/sha1 (from $GOROOT)
	/home/hunterhug/pikapika/src/crypto/sha1 (from $GOPATH)
../../github.com/astaxie/beego/logs/smtp.go:18:2: cannot find package "crypto/tls" in any of:
	/usr/lib/go-1.6/src/pkg/crypto/tls (from $GOROOT)
	/home/hunterhug/pikapika/src/crypto/tls (from $GOPATH)
../../github.com/astaxie/beego/orm/db.go:18:2: cannot find package "database/sql" in any of:
	/usr/lib/go-1.6/src/pkg/database/sql (from $GOROOT)
	/home/hunterhug/pikapika/src/database/sql (from $GOPATH)
../../github.com/go-sql-driver/mysql/connection.go:12:2: cannot find package "database/sql/driver" in any of:
	/usr/lib/go-1.6/src/pkg/database/sql/driver (from $GOROOT)
	/home/hunterhug/pikapika/src/database/sql/driver (from $GOPATH)
../../github.com/gorilla/websocket/client.go:11:2: cannot find package "encoding/base64" in any of:
	/usr/lib/go-1.6/src/pkg/encoding/base64 (from $GOROOT)
	/home/hunterhug/pikapika/src/encoding/base64 (from $GOPATH)
../../github.com/gorilla/websocket/conn.go:9:2: cannot find package "encoding/binary" in any of:
	/usr/lib/go-1.6/src/pkg/encoding/binary (from $GOROOT)
	/home/hunterhug/pikapika/src/encoding/binary (from $GOPATH)
../../github.com/astaxie/beego/logs/conn.go:18:2: cannot find package "encoding/json" in any of:
	/usr/lib/go-1.6/src/pkg/encoding/json (from $GOROOT)
	/home/hunterhug/pikapika/src/encoding/json (from $GOPATH)
../../github.com/astaxie/beego/logs/file.go:20:2: cannot find package "errors" in any of:
	/usr/lib/go-1.6/src/pkg/errors (from $GOROOT)
	/home/hunterhug/pikapika/src/errors (from $GOPATH)
../../github.com/astaxie/beego/orm/cmd.go:18:2: cannot find package "flag" in any of:
	/usr/lib/go-1.6/src/pkg/flag (from $GOROOT)
	/home/hunterhug/pikapika/src/flag (from $GOPATH)
../log/log.go:5:2: cannot find package "fmt" in any of:
	/usr/lib/go-1.6/src/pkg/fmt (from $GOROOT)
	/home/hunterhug/pikapika/src/fmt (from $GOPATH)
webserver.go:16:2: cannot find package "html/template" in any of:
	/usr/lib/go-1.6/src/pkg/html/template (from $GOROOT)
	/home/hunterhug/pikapika/src/html/template (from $GOPATH)
../../github.com/astaxie/beego/logs/conn.go:19:2: cannot find package "io" in any of:
	/usr/lib/go-1.6/src/pkg/io (from $GOROOT)
	/home/hunterhug/pikapika/src/io (from $GOPATH)
../../github.com/gorilla/websocket/client.go:14:2: cannot find package "io/ioutil" in any of:
	/usr/lib/go-1.6/src/pkg/io/ioutil (from $GOROOT)
	/home/hunterhug/pikapika/src/io/ioutil (from $GOPATH)
../../github.com/astaxie/beego/orm/orm_log.go:21:2: cannot find package "log" in any of:
	/usr/lib/go-1.6/src/pkg/log (from $GOROOT)
	/home/hunterhug/pikapika/src/log (from $GOPATH)
../../github.com/go-sql-driver/mysql/packets.go:19:2: cannot find package "math" in any of:
	/usr/lib/go-1.6/src/pkg/math (from $GOROOT)
	/home/hunterhug/pikapika/src/math (from $GOPATH)
../../github.com/gorilla/websocket/conn.go:13:2: cannot find package "math/rand" in any of:
	/usr/lib/go-1.6/src/pkg/math/rand (from $GOROOT)
	/home/hunterhug/pikapika/src/math/rand (from $GOPATH)
../../github.com/astaxie/beego/logs/conn.go:20:2: cannot find package "net" in any of:
	/usr/lib/go-1.6/src/pkg/net (from $GOROOT)
	/home/hunterhug/pikapika/src/net (from $GOPATH)
../../github.com/gorilla/websocket/client.go:16:2: cannot find package "net/http" in any of:
	/usr/lib/go-1.6/src/pkg/net/http (from $GOROOT)
	/home/hunterhug/pikapika/src/net/http (from $GOPATH)
../cons/cons.go:8:2: cannot find package "net/http/cookiejar" in any of:
	/usr/lib/go-1.6/src/pkg/net/http/cookiejar (from $GOROOT)
	/home/hunterhug/pikapika/src/net/http/cookiejar (from $GOPATH)
../../github.com/astaxie/beego/logs/smtp.go:22:2: cannot find package "net/smtp" in any of:
	/usr/lib/go-1.6/src/pkg/net/smtp (from $GOROOT)
	/home/hunterhug/pikapika/src/net/smtp (from $GOPATH)
../../github.com/gorilla/websocket/client.go:17:2: cannot find package "net/url" in any of:
	/usr/lib/go-1.6/src/pkg/net/url (from $GOROOT)
	/home/hunterhug/pikapika/src/net/url (from $GOPATH)
../../github.com/astaxie/beego/logs/console.go:19:2: cannot find package "os" in any of:
	/usr/lib/go-1.6/src/pkg/os (from $GOROOT)
	/home/hunterhug/pikapika/src/os (from $GOPATH)
webserver.go:19:2: cannot find package "os/signal" in any of:
	/usr/lib/go-1.6/src/pkg/os/signal (from $GOROOT)
	/home/hunterhug/pikapika/src/os/signal (from $GOPATH)
../../github.com/astaxie/beego/logs/log.go:39:2: cannot find package "path" in any of:
	/usr/lib/go-1.6/src/pkg/path (from $GOROOT)
	/home/hunterhug/pikapika/src/path (from $GOPATH)
../../github.com/astaxie/beego/logs/file.go:24:2: cannot find package "path/filepath" in any of:
	/usr/lib/go-1.6/src/pkg/path/filepath (from $GOROOT)
	/home/hunterhug/pikapika/src/path/filepath (from $GOPATH)
../../github.com/astaxie/beego/orm/db.go:21:2: cannot find package "reflect" in any of:
	/usr/lib/go-1.6/src/pkg/reflect (from $GOROOT)
	/home/hunterhug/pikapika/src/reflect (from $GOPATH)
../../github.com/andybalholm/cascadia/parser.go:7:2: cannot find package "regexp" in any of:
	/usr/lib/go-1.6/src/pkg/regexp (from $GOROOT)
	/home/hunterhug/pikapika/src/regexp (from $GOPATH)
../../github.com/astaxie/beego/logs/console.go:20:2: cannot find package "runtime" in any of:
	/usr/lib/go-1.6/src/pkg/runtime (from $GOROOT)
	/home/hunterhug/pikapika/src/runtime (from $GOPATH)
../../github.com/astaxie/beego/logs/log.go:41:2: cannot find package "strconv" in any of:
	/usr/lib/go-1.6/src/pkg/strconv (from $GOROOT)
	/home/hunterhug/pikapika/src/strconv (from $GOPATH)
../../github.com/astaxie/beego/logs/file.go:25:2: cannot find package "strings" in any of:
	/usr/lib/go-1.6/src/pkg/strings (from $GOROOT)
	/home/hunterhug/pikapika/src/strings (from $GOPATH)
../../github.com/astaxie/beego/logs/file.go:26:2: cannot find package "sync" in any of:
	/usr/lib/go-1.6/src/pkg/sync (from $GOROOT)
	/home/hunterhug/pikapika/src/sync (from $GOPATH)
../../github.com/astaxie/beego/logs/conn.go:21:2: cannot find package "time" in any of:
	/usr/lib/go-1.6/src/pkg/time (from $GOROOT)
	/home/hunterhug/pikapika/src/time (from $GOPATH)
../../github.com/gorilla/websocket/conn.go:17:2: cannot find package "unicode/utf8" in any of:
	/usr/lib/go-1.6/src/pkg/unicode/utf8 (from $GOROOT)
	/home/hunterhug/pikapika/src/unicode/utf8 (from $GOPATH)
../../github.com/gorilla/websocket/client.go:8:2: cannot find package "bufio" in any of:
	/usr/lib/go-1.6/src/pkg/bufio (from $GOROOT)
	/home/hunterhug/pikapika/src/bufio (from $GOPATH)
../../github.com/astaxie/beego/logs/file.go:18:2: cannot find package "bytes" in any of:
	/usr/lib/go-1.6/src/pkg/bytes (from $GOROOT)
	/home/hunterhug/pikapika/src/bytes (from $GOPATH)
../../github.com/gorilla/websocket/util.go:8:2: cannot find package "crypto/rand" in any of:
	/usr/lib/go-1.6/src/pkg/crypto/rand (from $GOROOT)
	/home/hunterhug/pikapika/src/crypto/rand (from $GOPATH)
../../github.com/gorilla/websocket/util.go:9:2: cannot find package "crypto/sha1" in any of:
	/usr/lib/go-1.6/src/pkg/crypto/sha1 (from $GOROOT)
	/home/hunterhug/pikapika/src/crypto/sha1 (from $GOPATH)
../../github.com/astaxie/beego/logs/smtp.go:18:2: cannot find package "crypto/tls" in any of:
	/usr/lib/go-1.6/src/pkg/crypto/tls (from $GOROOT)
	/home/hunterhug/pikapika/src/crypto/tls (from $GOPATH)
../../github.com/astaxie/beego/orm/db.go:18:2: cannot find package "database/sql" in any of:
	/usr/lib/go-1.6/src/pkg/database/sql (from $GOROOT)
	/home/hunterhug/pikapika/src/database/sql (from $GOPATH)
../../github.com/go-sql-driver/mysql/connection.go:12:2: cannot find package "database/sql/driver" in any of:
	/usr/lib/go-1.6/src/pkg/database/sql/driver (from $GOROOT)
	/home/hunterhug/pikapika/src/database/sql/driver (from $GOPATH)
../../github.com/gorilla/websocket/client.go:11:2: cannot find package "encoding/base64" in any of:
	/usr/lib/go-1.6/src/pkg/encoding/base64 (from $GOROOT)
	/home/hunterhug/pikapika/src/encoding/base64 (from $GOPATH)
../../github.com/gorilla/websocket/conn.go:9:2: cannot find package "encoding/binary" in any of:
	/usr/lib/go-1.6/src/pkg/encoding/binary (from $GOROOT)
	/home/hunterhug/pikapika/src/encoding/binary (from $GOPATH)
../../github.com/astaxie/beego/logs/conn.go:18:2: cannot find package "encoding/json" in any of:
	/usr/lib/go-1.6/src/pkg/encoding/json (from $GOROOT)
	/home/hunterhug/pikapika/src/encoding/json (from $GOPATH)
../../github.com/astaxie/beego/logs/file.go:20:2: cannot find package "errors" in any of:
	/usr/lib/go-1.6/src/pkg/errors (from $GOROOT)
	/home/hunterhug/pikapika/src/errors (from $GOPATH)
../../github.com/astaxie/beego/orm/cmd.go:18:2: cannot find package "flag" in any of:
	/usr/lib/go-1.6/src/pkg/flag (from $GOROOT)
	/home/hunterhug/pikapika/src/flag (from $GOPATH)
../log/log.go:5:2: cannot find package "fmt" in any of:
	/usr/lib/go-1.6/src/pkg/fmt (from $GOROOT)
	/home/hunterhug/pikapika/src/fmt (from $GOPATH)
webserver.go:16:2: cannot find package "html/template" in any of:
	/usr/lib/go-1.6/src/pkg/html/template (from $GOROOT)
	/home/hunterhug/pikapika/src/html/template (from $GOPATH)
../../github.com/astaxie/beego/logs/conn.go:19:2: cannot find package "io" in any of:
	/usr/lib/go-1.6/src/pkg/io (from $GOROOT)
	/home/hunterhug/pikapika/src/io (from $GOPATH)
../../github.com/gorilla/websocket/client.go:14:2: cannot find package "io/ioutil" in any of:
	/usr/lib/go-1.6/src/pkg/io/ioutil (from $GOROOT)
	/home/hunterhug/pikapika/src/io/ioutil (from $GOPATH)
../../github.com/astaxie/beego/orm/orm_log.go:21:2: cannot find package "log" in any of:
	/usr/lib/go-1.6/src/pkg/log (from $GOROOT)
	/home/hunterhug/pikapika/src/log (from $GOPATH)
../../github.com/go-sql-driver/mysql/packets.go:19:2: cannot find package "math" in any of:
	/usr/lib/go-1.6/src/pkg/math (from $GOROOT)
	/home/hunterhug/pikapika/src/math (from $GOPATH)
../../github.com/gorilla/websocket/conn.go:13:2: cannot find package "math/rand" in any of:
	/usr/lib/go-1.6/src/pkg/math/rand (from $GOROOT)
	/home/hunterhug/pikapika/src/math/rand (from $GOPATH)
../../github.com/astaxie/beego/logs/conn.go:20:2: cannot find package "net" in any of:
	/usr/lib/go-1.6/src/pkg/net (from $GOROOT)
	/home/hunterhug/pikapika/src/net (from $GOPATH)
../../github.com/gorilla/websocket/client.go:16:2: cannot find package "net/http" in any of:
	/usr/lib/go-1.6/src/pkg/net/http (from $GOROOT)
	/home/hunterhug/pikapika/src/net/http (from $GOPATH)
../cons/cons.go:8:2: cannot find package "net/http/cookiejar" in any of:
	/usr/lib/go-1.6/src/pkg/net/http/cookiejar (from $GOROOT)
	/home/hunterhug/pikapika/src/net/http/cookiejar (from $GOPATH)
../../github.com/astaxie/beego/logs/smtp.go:22:2: cannot find package "net/smtp" in any of:
	/usr/lib/go-1.6/src/pkg/net/smtp (from $GOROOT)
	/home/hunterhug/pikapika/src/net/smtp (from $GOPATH)
../../github.com/gorilla/websocket/client.go:17:2: cannot find package "net/url" in any of:
	/usr/lib/go-1.6/src/pkg/net/url (from $GOROOT)
	/home/hunterhug/pikapika/src/net/url (from $GOPATH)
../../github.com/astaxie/beego/logs/console.go:19:2: cannot find package "os" in any of:
	/usr/lib/go-1.6/src/pkg/os (from $GOROOT)
	/home/hunterhug/pikapika/src/os (from $GOPATH)
webserver.go:19:2: cannot find package "os/signal" in any of:
	/usr/lib/go-1.6/src/pkg/os/signal (from $GOROOT)
	/home/hunterhug/pikapika/src/os/signal (from $GOPATH)
../../github.com/astaxie/beego/logs/log.go:39:2: cannot find package "path" in any of:
	/usr/lib/go-1.6/src/pkg/path (from $GOROOT)
	/home/hunterhug/pikapika/src/path (from $GOPATH)
../../github.com/astaxie/beego/logs/file.go:24:2: cannot find package "path/filepath" in any of:
	/usr/lib/go-1.6/src/pkg/path/filepath (from $GOROOT)
	/home/hunterhug/pikapika/src/path/filepath (from $GOPATH)
../../github.com/astaxie/beego/orm/db.go:21:2: cannot find package "reflect" in any of:
	/usr/lib/go-1.6/src/pkg/reflect (from $GOROOT)
	/home/hunterhug/pikapika/src/reflect (from $GOPATH)
../../github.com/andybalholm/cascadia/parser.go:7:2: cannot find package "regexp" in any of:
	/usr/lib/go-1.6/src/pkg/regexp (from $GOROOT)
	/home/hunterhug/pikapika/src/regexp (from $GOPATH)
../../github.com/astaxie/beego/logs/console.go:20:2: cannot find package "runtime" in any of:
	/usr/lib/go-1.6/src/pkg/runtime (from $GOROOT)
	/home/hunterhug/pikapika/src/runtime (from $GOPATH)
../../github.com/astaxie/beego/logs/log.go:41:2: cannot find package "strconv" in any of:
	/usr/lib/go-1.6/src/pkg/strconv (from $GOROOT)
	/home/hunterhug/pikapika/src/strconv (from $GOPATH)
../../github.com/astaxie/beego/logs/file.go:25:2: cannot find package "strings" in any of:
	/usr/lib/go-1.6/src/pkg/strings (from $GOROOT)
	/home/hunterhug/pikapika/src/strings (from $GOPATH)
../../github.com/astaxie/beego/logs/file.go:26:2: cannot find package "sync" in any of:
	/usr/lib/go-1.6/src/pkg/sync (from $GOROOT)
	/home/hunterhug/pikapika/src/sync (from $GOPATH)
../../github.com/astaxie/beego/logs/conn.go:21:2: cannot find package "time" in any of:
	/usr/lib/go-1.6/src/pkg/time (from $GOROOT)
	/home/hunterhug/pikapika/src/time (from $GOPATH)
../../github.com/gorilla/websocket/conn.go:17:2: cannot find package "unicode/utf8" in any of:
	/usr/lib/go-1.6/src/pkg/unicode/utf8 (from $GOROOT)
	/home/hunterhug/pikapika/src/unicode/utf8 (from $GOPATH)
../../github.com/gorilla/websocket/client.go:8:2: cannot find package "bufio" in any of:
	/usr/lib/go-1.6/src/pkg/bufio (from $GOROOT)
	/home/hunterhug/pikapika/src/bufio (from $GOPATH)
../../github.com/astaxie/beego/logs/file.go:18:2: cannot find package "bytes" in any of:
	/usr/lib/go-1.6/src/pkg/bytes (from $GOROOT)
	/home/hunterhug/pikapika/src/bytes (from $GOPATH)
../../github.com/gorilla/websocket/util.go:8:2: cannot find package "crypto/rand" in any of:
	/usr/lib/go-1.6/src/pkg/crypto/rand (from $GOROOT)
	/home/hunterhug/pikapika/src/crypto/rand (from $GOPATH)
../../github.com/gorilla/websocket/util.go:9:2: cannot find package "crypto/sha1" in any of:
	/usr/lib/go-1.6/src/pkg/crypto/sha1 (from $GOROOT)
	/home/hunterhug/pikapika/src/crypto/sha1 (from $GOPATH)
../../github.com/astaxie/beego/logs/smtp.go:18:2: cannot find package "crypto/tls" in any of:
	/usr/lib/go-1.6/src/pkg/crypto/tls (from $GOROOT)
	/home/hunterhug/pikapika/src/crypto/tls (from $GOPATH)
../../github.com/astaxie/beego/orm/db.go:18:2: cannot find package "database/sql" in any of:
	/usr/lib/go-1.6/src/pkg/database/sql (from $GOROOT)
	/home/hunterhug/pikapika/src/database/sql (from $GOPATH)
../../github.com/go-sql-driver/mysql/connection.go:12:2: cannot find package "database/sql/driver" in any of:
	/usr/lib/go-1.6/src/pkg/database/sql/driver (from $GOROOT)
	/home/hunterhug/pikapika/src/database/sql/driver (from $GOPATH)
../../github.com/gorilla/websocket/client.go:11:2: cannot find package "encoding/base64" in any of:
	/usr/lib/go-1.6/src/pkg/encoding/base64 (from $GOROOT)
	/home/hunterhug/pikapika/src/encoding/base64 (from $GOPATH)
../../github.com/gorilla/websocket/conn.go:9:2: cannot find package "encoding/binary" in any of:
	/usr/lib/go-1.6/src/pkg/encoding/binary (from $GOROOT)
	/home/hunterhug/pikapika/src/encoding/binary (from $GOPATH)
../../github.com/astaxie/beego/logs/conn.go:18:2: cannot find package "encoding/json" in any of:
	/usr/lib/go-1.6/src/pkg/encoding/json (from $GOROOT)
	/home/hunterhug/pikapika/src/encoding/json (from $GOPATH)
../../github.com/astaxie/beego/logs/file.go:20:2: cannot find package "errors" in any of:
	/usr/lib/go-1.6/src/pkg/errors (from $GOROOT)
	/home/hunterhug/pikapika/src/errors (from $GOPATH)
../../github.com/astaxie/beego/orm/cmd.go:18:2: cannot find package "flag" in any of:
	/usr/lib/go-1.6/src/pkg/flag (from $GOROOT)
	/home/hunterhug/pikapika/src/flag (from $GOPATH)
../log/log.go:5:2: cannot find package "fmt" in any of:
	/usr/lib/go-1.6/src/pkg/fmt (from $GOROOT)
	/home/hunterhug/pikapika/src/fmt (from $GOPATH)
webserver.go:16:2: cannot find package "html/template" in any of:
	/usr/lib/go-1.6/src/pkg/html/template (from $GOROOT)
	/home/hunterhug/pikapika/src/html/template (from $GOPATH)
../../github.com/astaxie/beego/logs/conn.go:19:2: cannot find package "io" in any of:
	/usr/lib/go-1.6/src/pkg/io (from $GOROOT)
	/home/hunterhug/pikapika/src/io (from $GOPATH)
../../github.com/gorilla/websocket/client.go:14:2: cannot find package "io/ioutil" in any of:
	/usr/lib/go-1.6/src/pkg/io/ioutil (from $GOROOT)
	/home/hunterhug/pikapika/src/io/ioutil (from $GOPATH)
../../github.com/astaxie/beego/orm/orm_log.go:21:2: cannot find package "log" in any of:
	/usr/lib/go-1.6/src/pkg/log (from $GOROOT)
	/home/hunterhug/pikapika/src/log (from $GOPATH)
../../github.com/go-sql-driver/mysql/packets.go:19:2: cannot find package "math" in any of:
	/usr/lib/go-1.6/src/pkg/math (from $GOROOT)
	/home/hunterhug/pikapika/src/math (from $GOPATH)
../../github.com/gorilla/websocket/conn.go:13:2: cannot find package "math/rand" in any of:
	/usr/lib/go-1.6/src/pkg/math/rand (from $GOROOT)
	/home/hunterhug/pikapika/src/math/rand (from $GOPATH)
../../github.com/astaxie/beego/logs/conn.go:20:2: cannot find package "net" in any of:
	/usr/lib/go-1.6/src/pkg/net (from $GOROOT)
	/home/hunterhug/pikapika/src/net (from $GOPATH)
../../github.com/gorilla/websocket/client.go:16:2: cannot find package "net/http" in any of:
	/usr/lib/go-1.6/src/pkg/net/http (from $GOROOT)
	/home/hunterhug/pikapika/src/net/http (from $GOPATH)
../cons/cons.go:8:2: cannot find package "net/http/cookiejar" in any of:
	/usr/lib/go-1.6/src/pkg/net/http/cookiejar (from $GOROOT)
	/home/hunterhug/pikapika/src/net/http/cookiejar (from $GOPATH)
../../github.com/astaxie/beego/logs/smtp.go:22:2: cannot find package "net/smtp" in any of:
	/usr/lib/go-1.6/src/pkg/net/smtp (from $GOROOT)
	/home/hunterhug/pikapika/src/net/smtp (from $GOPATH)
../../github.com/gorilla/websocket/client.go:17:2: cannot find package "net/url" in any of:
	/usr/lib/go-1.6/src/pkg/net/url (from $GOROOT)
	/home/hunterhug/pikapika/src/net/url (from $GOPATH)
../../github.com/astaxie/beego/logs/console.go:19:2: cannot find package "os" in any of:
	/usr/lib/go-1.6/src/pkg/os (from $GOROOT)
	/home/hunterhug/pikapika/src/os (from $GOPATH)
webserver.go:19:2: cannot find package "os/signal" in any of:
	/usr/lib/go-1.6/src/pkg/os/signal (from $GOROOT)
	/home/hunterhug/pikapika/src/os/signal (from $GOPATH)
../../github.com/astaxie/beego/logs/log.go:39:2: cannot find package "path" in any of:
	/usr/lib/go-1.6/src/pkg/path (from $GOROOT)
	/home/hunterhug/pikapika/src/path (from $GOPATH)
../../github.com/astaxie/beego/logs/file.go:24:2: cannot find package "path/filepath" in any of:
	/usr/lib/go-1.6/src/pkg/path/filepath (from $GOROOT)
	/home/hunterhug/pikapika/src/path/filepath (from $GOPATH)
../../github.com/astaxie/beego/orm/db.go:21:2: cannot find package "reflect" in any of:
	/usr/lib/go-1.6/src/pkg/reflect (from $GOROOT)
	/home/hunterhug/pikapika/src/reflect (from $GOPATH)
../../github.com/andybalholm/cascadia/parser.go:7:2: cannot find package "regexp" in any of:
	/usr/lib/go-1.6/src/pkg/regexp (from $GOROOT)
	/home/hunterhug/pikapika/src/regexp (from $GOPATH)
../../github.com/astaxie/beego/logs/console.go:20:2: cannot find package "runtime" in any of:
	/usr/lib/go-1.6/src/pkg/runtime (from $GOROOT)
	/home/hunterhug/pikapika/src/runtime (from $GOPATH)
../../github.com/astaxie/beego/logs/log.go:41:2: cannot find package "strconv" in any of:
	/usr/lib/go-1.6/src/pkg/strconv (from $GOROOT)
	/home/hunterhug/pikapika/src/strconv (from $GOPATH)
../../github.com/astaxie/beego/logs/file.go:25:2: cannot find package "strings" in any of:
	/usr/lib/go-1.6/src/pkg/strings (from $GOROOT)
	/home/hunterhug/pikapika/src/strings (from $GOPATH)
../../github.com/astaxie/beego/logs/file.go:26:2: cannot find package "sync" in any of:
	/usr/lib/go-1.6/src/pkg/sync (from $GOROOT)
	/home/hunterhug/pikapika/src/sync (from $GOPATH)
../../github.com/astaxie/beego/logs/conn.go:21:2: cannot find package "time" in any of:
	/usr/lib/go-1.6/src/pkg/time (from $GOROOT)
	/home/hunterhug/pikapika/src/time (from $GOPATH)
../../github.com/gorilla/websocket/conn.go:17:2: cannot find package "unicode/utf8" in any of:
	/usr/lib/go-1.6/src/pkg/unicode/utf8 (from $GOROOT)
	/home/hunterhug/pikapika/src/unicode/utf8 (from $GOPATH)
开始启动：127.0.0.1:8099
