bee   :1.4.1
beego :1.6.1
Go    :go version go1.3 linux/amd64

2016/06/08 15:08:45 [[94mINFO[0m] Uses 'web' as 'appname'
2016/06/08 15:08:45 [[94mINFO[0m] Initializing watcher...
2016/06/08 15:08:45 [[94mTRAC[0m] Directory([93m/home/hunterhug/pikapika/src/51job/web/controllers[0m)
2016/06/08 15:08:45 [[94mTRAC[0m] Directory([93m/home/hunterhug/pikapika/src/51job/web[0m)
2016/06/08 15:08:45 [[94mTRAC[0m] Directory([93m/home/hunterhug/pikapika/src/51job/web/models[0m)
2016/06/08 15:08:45 [[94mTRAC[0m] Directory([93m/home/hunterhug/pikapika/src/51job/web/routers[0m)
2016/06/08 15:08:45 [[94mTRAC[0m] Directory([93m/home/hunterhug/pikapika/src/51job/web/tests[0m)
2016/06/08 15:08:45 [[94mINFO[0m] Start building...
../../github.com/gorilla/websocket/client.go:8:2: cannot find package "bufio" in any of:
	/usr/lib/go-1.6/src/pkg/bufio (from $GOROOT)
	/home/hunterhug/pikapika/src/bufio (from $GOPATH)
../../github.com/astaxie/beego/logs/file.go:18:2: cannot find package "bytes" in any of:
	/usr/lib/go-1.6/src/pkg/bytes (from $GOROOT)
	/home/hunterhug/pikapika/src/bytes (from $GOPATH)
../../github.com/astaxie/beego/context/acceptencoder.go:19:2: cannot find package "compress/flate" in any of:
	/usr/lib/go-1.6/src/pkg/compress/flate (from $GOROOT)
	/home/hunterhug/pikapika/src/compress/flate (from $GOPATH)
../../github.com/astaxie/beego/context/acceptencoder.go:20:2: cannot find package "compress/gzip" in any of:
	/usr/lib/go-1.6/src/pkg/compress/gzip (from $GOROOT)
	/home/hunterhug/pikapika/src/compress/gzip (from $GOPATH)
../../github.com/astaxie/beego/context/acceptencoder.go:21:2: cannot find package "compress/zlib" in any of:
	/usr/lib/go-1.6/src/pkg/compress/zlib (from $GOROOT)
	/home/hunterhug/pikapika/src/compress/zlib (from $GOPATH)
../../github.com/astaxie/beego/session/sess_mem.go:18:2: cannot find package "container/list" in any of:
	/usr/lib/go-1.6/src/pkg/container/list (from $GOROOT)
	/home/hunterhug/pikapika/src/container/list (from $GOPATH)
../../github.com/astaxie/beego/session/sess_cookie.go:18:2: cannot find package "crypto/aes" in any of:
	/usr/lib/go-1.6/src/pkg/crypto/aes (from $GOROOT)
	/home/hunterhug/pikapika/src/crypto/aes (from $GOPATH)
../../github.com/astaxie/beego/session/sess_cookie.go:19:2: cannot find package "crypto/cipher" in any of:
	/usr/lib/go-1.6/src/pkg/crypto/cipher (from $GOROOT)
	/home/hunterhug/pikapika/src/crypto/cipher (from $GOPATH)
../../github.com/astaxie/beego/context/context.go:28:2: cannot find package "crypto/hmac" in any of:
	/usr/lib/go-1.6/src/pkg/crypto/hmac (from $GOROOT)
	/home/hunterhug/pikapika/src/crypto/hmac (from $GOPATH)
../../github.com/gorilla/websocket/util.go:8:2: cannot find package "crypto/rand" in any of:
	/usr/lib/go-1.6/src/pkg/crypto/rand (from $GOROOT)
	/home/hunterhug/pikapika/src/crypto/rand (from $GOPATH)
../../github.com/gorilla/websocket/util.go:9:2: cannot find package "crypto/sha1" in any of:
	/usr/lib/go-1.6/src/pkg/crypto/sha1 (from $GOROOT)
	/home/hunterhug/pikapika/src/crypto/sha1 (from $GOPATH)
../../github.com/astaxie/beego/session/sess_utils.go:23:2: cannot find package "crypto/subtle" in any of:
	/usr/lib/go-1.6/src/pkg/crypto/subtle (from $GOROOT)
	/home/hunterhug/pikapika/src/crypto/subtle (from $GOPATH)
../../github.com/astaxie/beego/logs/smtp.go:18:2: cannot find package "crypto/tls" in any of:
	/usr/lib/go-1.6/src/pkg/crypto/tls (from $GOROOT)
	/home/hunterhug/pikapika/src/crypto/tls (from $GOPATH)
../../github.com/astaxie/beego/orm/db.go:18:2: cannot find package "database/sql" in any of:
	/usr/lib/go-1.6/src/pkg/database/sql (from $GOROOT)
	/home/hunterhug/pikapika/src/database/sql (from $GOPATH)
../../github.com/go-sql-driver/mysql/connection.go:12:2: cannot find package "database/sql/driver" in any of:
	/usr/lib/go-1.6/src/pkg/database/sql/driver (from $GOROOT)
	/home/hunterhug/pikapika/src/database/sql/driver (from $GOPATH)
../../github.com/gorilla/websocket/client.go:11:2: cannot find package "encoding/base64" in any of:
	/usr/lib/go-1.6/src/pkg/encoding/base64 (from $GOROOT)
	/home/hunterhug/pikapika/src/encoding/base64 (from $GOPATH)
../../github.com/gorilla/websocket/conn.go:9:2: cannot find package "encoding/binary" in any of:
	/usr/lib/go-1.6/src/pkg/encoding/binary (from $GOROOT)
	/home/hunterhug/pikapika/src/encoding/binary (from $GOPATH)
../../github.com/astaxie/beego/session/sess_utils.go:25:2: cannot find package "encoding/gob" in any of:
	/usr/lib/go-1.6/src/pkg/encoding/gob (from $GOROOT)
	/home/hunterhug/pikapika/src/encoding/gob (from $GOPATH)
../../github.com/astaxie/beego/session/session.go:32:2: cannot find package "encoding/hex" in any of:
	/usr/lib/go-1.6/src/pkg/encoding/hex (from $GOROOT)
	/home/hunterhug/pikapika/src/encoding/hex (from $GOPATH)
../../github.com/astaxie/beego/logs/conn.go:18:2: cannot find package "encoding/json" in any of:
	/usr/lib/go-1.6/src/pkg/encoding/json (from $GOROOT)
	/home/hunterhug/pikapika/src/encoding/json (from $GOPATH)
../../github.com/astaxie/beego/context/output.go:20:2: cannot find package "encoding/xml" in any of:
	/usr/lib/go-1.6/src/pkg/encoding/xml (from $GOROOT)
	/home/hunterhug/pikapika/src/encoding/xml (from $GOPATH)
../../github.com/astaxie/beego/logs/file.go:20:2: cannot find package "errors" in any of:
	/usr/lib/go-1.6/src/pkg/errors (from $GOROOT)
	/home/hunterhug/pikapika/src/errors (from $GOPATH)
../../github.com/astaxie/beego/orm/cmd.go:18:2: cannot find package "flag" in any of:
	/usr/lib/go-1.6/src/pkg/flag (from $GOROOT)
	/home/hunterhug/pikapika/src/flag (from $GOPATH)
../log/log.go:5:2: cannot find package "fmt" in any of:
	/usr/lib/go-1.6/src/pkg/fmt (from $GOROOT)
	/home/hunterhug/pikapika/src/fmt (from $GOPATH)
../../github.com/astaxie/beego/parser.go:21:2: cannot find package "go/ast" in any of:
	/usr/lib/go-1.6/src/pkg/go/ast (from $GOROOT)
	/home/hunterhug/pikapika/src/go/ast (from $GOPATH)
../../github.com/astaxie/beego/parser.go:22:2: cannot find package "go/parser" in any of:
	/usr/lib/go-1.6/src/pkg/go/parser (from $GOROOT)
	/home/hunterhug/pikapika/src/go/parser (from $GOPATH)
../../github.com/astaxie/beego/parser.go:23:2: cannot find package "go/token" in any of:
	/usr/lib/go-1.6/src/pkg/go/token (from $GOROOT)
	/home/hunterhug/pikapika/src/go/token (from $GOPATH)
../../github.com/astaxie/beego/context/output.go:23:2: cannot find package "html/template" in any of:
	/usr/lib/go-1.6/src/pkg/html/template (from $GOROOT)
	/home/hunterhug/pikapika/src/html/template (from $GOPATH)
../../github.com/astaxie/beego/logs/conn.go:19:2: cannot find package "io" in any of:
	/usr/lib/go-1.6/src/pkg/io (from $GOROOT)
	/home/hunterhug/pikapika/src/io (from $GOPATH)
../../github.com/gorilla/websocket/client.go:14:2: cannot find package "io/ioutil" in any of:
	/usr/lib/go-1.6/src/pkg/io/ioutil (from $GOROOT)
	/home/hunterhug/pikapika/src/io/ioutil (from $GOPATH)
../../github.com/astaxie/beego/orm/orm_log.go:21:2: cannot find package "log" in any of:
	/usr/lib/go-1.6/src/pkg/log (from $GOROOT)
	/home/hunterhug/pikapika/src/log (from $GOPATH)
../../github.com/go-sql-driver/mysql/packets.go:19:2: cannot find package "math" in any of:
	/usr/lib/go-1.6/src/pkg/math (from $GOROOT)
	/home/hunterhug/pikapika/src/math (from $GOPATH)
../../github.com/gorilla/websocket/conn.go:13:2: cannot find package "math/rand" in any of:
	/usr/lib/go-1.6/src/pkg/math/rand (from $GOROOT)
	/home/hunterhug/pikapika/src/math/rand (from $GOPATH)
../../github.com/astaxie/beego/utils/mail.go:24:2: cannot find package "mime" in any of:
	/usr/lib/go-1.6/src/pkg/mime (from $GOROOT)
	/home/hunterhug/pikapika/src/mime (from $GOPATH)
../../github.com/astaxie/beego/utils/mail.go:25:2: cannot find package "mime/multipart" in any of:
	/usr/lib/go-1.6/src/pkg/mime/multipart (from $GOROOT)
	/home/hunterhug/pikapika/src/mime/multipart (from $GOPATH)
../../github.com/astaxie/beego/logs/conn.go:20:2: cannot find package "net" in any of:
	/usr/lib/go-1.6/src/pkg/net (from $GOROOT)
	/home/hunterhug/pikapika/src/net (from $GOPATH)
../../github.com/gorilla/websocket/client.go:16:2: cannot find package "net/http" in any of:
	/usr/lib/go-1.6/src/pkg/net/http (from $GOROOT)
	/home/hunterhug/pikapika/src/net/http (from $GOPATH)
../cons/cons.go:8:2: cannot find package "net/http/cookiejar" in any of:
	/usr/lib/go-1.6/src/pkg/net/http/cookiejar (from $GOROOT)
	/home/hunterhug/pikapika/src/net/http/cookiejar (from $GOPATH)
../../github.com/astaxie/beego/app.go:21:2: cannot find package "net/http/fcgi" in any of:
	/usr/lib/go-1.6/src/pkg/net/http/fcgi (from $GOROOT)
	/home/hunterhug/pikapika/src/net/http/fcgi (from $GOPATH)
../../github.com/astaxie/beego/utils/mail.go:26:2: cannot find package "net/mail" in any of:
	/usr/lib/go-1.6/src/pkg/net/mail (from $GOROOT)
	/home/hunterhug/pikapika/src/net/mail (from $GOPATH)
../../github.com/astaxie/beego/logs/smtp.go:22:2: cannot find package "net/smtp" in any of:
	/usr/lib/go-1.6/src/pkg/net/smtp (from $GOROOT)
	/home/hunterhug/pikapika/src/net/smtp (from $GOPATH)
../../github.com/astaxie/beego/utils/mail.go:28:2: cannot find package "net/textproto" in any of:
	/usr/lib/go-1.6/src/pkg/net/textproto (from $GOROOT)
	/home/hunterhug/pikapika/src/net/textproto (from $GOPATH)
../../github.com/gorilla/websocket/client.go:17:2: cannot find package "net/url" in any of:
	/usr/lib/go-1.6/src/pkg/net/url (from $GOROOT)
	/home/hunterhug/pikapika/src/net/url (from $GOPATH)
../../github.com/astaxie/beego/logs/console.go:19:2: cannot find package "os" in any of:
	/usr/lib/go-1.6/src/pkg/os (from $GOROOT)
	/home/hunterhug/pikapika/src/os (from $GOPATH)
../../github.com/astaxie/beego/grace/server.go:10:2: cannot find package "os/exec" in any of:
	/usr/lib/go-1.6/src/pkg/os/exec (from $GOROOT)
	/home/hunterhug/pikapika/src/os/exec (from $GOPATH)
../../github.com/astaxie/beego/grace/server.go:11:2: cannot find package "os/signal" in any of:
	/usr/lib/go-1.6/src/pkg/os/signal (from $GOROOT)
	/home/hunterhug/pikapika/src/os/signal (from $GOPATH)
../../github.com/astaxie/beego/logs/log.go:39:2: cannot find package "path" in any of:
	/usr/lib/go-1.6/src/pkg/path (from $GOROOT)
	/home/hunterhug/pikapika/src/path (from $GOPATH)
../../github.com/astaxie/beego/logs/file.go:24:2: cannot find package "path/filepath" in any of:
	/usr/lib/go-1.6/src/pkg/path/filepath (from $GOROOT)
	/home/hunterhug/pikapika/src/path/filepath (from $GOPATH)
../../github.com/astaxie/beego/orm/db.go:21:2: cannot find package "reflect" in any of:
	/usr/lib/go-1.6/src/pkg/reflect (from $GOROOT)
	/home/hunterhug/pikapika/src/reflect (from $GOPATH)
../../github.com/astaxie/beego/utils/file.go:23:2: cannot find package "regexp" in any of:
	/usr/lib/go-1.6/src/pkg/regexp (from $GOROOT)
	/home/hunterhug/pikapika/src/regexp (from $GOPATH)
../../github.com/astaxie/beego/logs/console.go:20:2: cannot find package "runtime" in any of:
	/usr/lib/go-1.6/src/pkg/runtime (from $GOROOT)
	/home/hunterhug/pikapika/src/runtime (from $GOPATH)
../../github.com/astaxie/beego/toolbox/profile.go:24:2: cannot find package "runtime/debug" in any of:
	/usr/lib/go-1.6/src/pkg/runtime/debug (from $GOROOT)
	/home/hunterhug/pikapika/src/runtime/debug (from $GOPATH)
../../github.com/astaxie/beego/toolbox/profile.go:25:2: cannot find package "runtime/pprof" in any of:
	/usr/lib/go-1.6/src/pkg/runtime/pprof (from $GOROOT)
	/home/hunterhug/pikapika/src/runtime/pprof (from $GOPATH)
../../github.com/astaxie/beego/toolbox/task.go:20:2: cannot find package "sort" in any of:
	/usr/lib/go-1.6/src/pkg/sort (from $GOROOT)
	/home/hunterhug/pikapika/src/sort (from $GOPATH)
../../github.com/astaxie/beego/logs/log.go:41:2: cannot find package "strconv" in any of:
	/usr/lib/go-1.6/src/pkg/strconv (from $GOROOT)
	/home/hunterhug/pikapika/src/strconv (from $GOPATH)
../../github.com/astaxie/beego/logs/file.go:25:2: cannot find package "strings" in any of:
	/usr/lib/go-1.6/src/pkg/strings (from $GOROOT)
	/home/hunterhug/pikapika/src/strings (from $GOPATH)
../../github.com/astaxie/beego/logs/file.go:26:2: cannot find package "sync" in any of:
	/usr/lib/go-1.6/src/pkg/sync (from $GOROOT)
	/home/hunterhug/pikapika/src/sync (from $GOPATH)
../../github.com/astaxie/beego/grace/grace.go:51:2: cannot find package "syscall" in any of:
	/usr/lib/go-1.6/src/pkg/syscall (from $GOROOT)
	/home/hunterhug/pikapika/src/syscall (from $GOPATH)
../../github.com/astaxie/beego/admin.go:23:2: cannot find package "text/template" in any of:
	/usr/lib/go-1.6/src/pkg/text/template (from $GOROOT)
	/home/hunterhug/pikapika/src/text/template (from $GOPATH)
../../github.com/astaxie/beego/logs/conn.go:21:2: cannot find package "time" in any of:
	/usr/lib/go-1.6/src/pkg/time (from $GOROOT)
	/home/hunterhug/pikapika/src/time (from $GOPATH)
../../github.com/gorilla/websocket/conn.go:17:2: cannot find package "unicode/utf8" in any of:
	/usr/lib/go-1.6/src/pkg/unicode/utf8 (from $GOROOT)
	/home/hunterhug/pikapika/src/unicode/utf8 (from $GOPATH)
2016/06/08 15:08:45 [[91mERRO[0m] ============== Build failed ===================
